[15Jun2025 15:49:32.972] [main/INFO] [cpw.mods.modlauncher.Launcher/MODLAUNCHER]: ModLauncher running: args [--launchTarget, neoforgeclientdev, --version, 21.4.123, --assetIndex, 19, --assetsDir, C:\\Users\\alexm\\.mcreator\\gradle\\caches\\neoformruntime\\assets, --gameDir, ., --fml.fmlVersion, 6.0.11, --fml.mcVersion, 1.21.4, --fml.neoForgeVersion, 21.4.123, --fml.neoFormVersion, 20241203.161809]
[15Jun2025 15:49:32.974] [main/INFO] [cpw.mods.modlauncher.Launcher/MODLAUNCHER]: JVM identified as Eclipse Adoptium OpenJDK 64-Bit Server VM 21.0.5+11-LTS
[15Jun2025 15:49:32.976] [main/INFO] [cpw.mods.modlauncher.Launcher/MODLAUNCHER]: ModLauncher 11.0.4+main.d2e20e43 starting: java version 21.0.5 by Eclipse Adoptium; OS Windows 11 arch amd64 version 10.0
[15Jun2025 15:49:33.113] [main/INFO] [net.neoforged.fml.loading.ImmediateWindowHandler/]: Loading ImmediateWindowProvider fmlearlywindow
[15Jun2025 15:49:33.201] [main/INFO] [EARLYDISPLAY/]: Trying GL version 4.6
[15Jun2025 15:49:33.345] [main/INFO] [EARLYDISPLAY/]: Requested GL version 4.6 got version 4.6
[15Jun2025 15:49:33.516] [main/INFO] [mixin/]: SpongePowered MIXIN Subsystem Version=0.8.7 Source=union:/C:/Users/alexm/.mcreator/gradle/caches/modules-2/files-2.1/net.fabricmc/sponge-mixin/0.15.2+mixin.0.8.7/2af2f021d8e02a0220dc27a7a72b4666d66d44ca/sponge-mixin-0.15.2+mixin.0.8.7.jar%23162!/ Service=ModLauncher Env=CLIENT
[15Jun2025 15:49:33.781] [pool-2-thread-1/INFO] [EARLYDISPLAY/]: GL info: NVIDIA GeForce GTX 1070 Ti/PCIe/SSE2 GL version 4.6.0 NVIDIA 560.94, NVIDIA Corporation
[15Jun2025 15:49:34.037] [main/INFO] [net.neoforged.fml.loading.moddiscovery.locators.JarInJarDependencyLocator/]: Found 2 dependencies adding them to mods collection
[15Jun2025 15:49:34.040] [main/INFO] [net.neoforged.fml.loading.moddiscovery.ModDiscoverer/]: 
     Mod List:
		Name Version (Mod Id)

		Minecraft 1.21.4 (minecraft)
		NeoForge 21.4.123 (neoforge)
		TheBrokenEnd 1.0.0 (thebrokenend)
[15Jun2025 15:49:34.724] [main/INFO] [cpw.mods.modlauncher.LaunchServiceHandler/MODLAUNCHER]: Launching target 'neoforgeclientdev' with arguments [--version, 21.4.123, --gameDir, ., --assetsDir, C:\Users\alexm\.mcreator\gradle\caches\neoformruntime\assets, --assetIndex, 19]
[15Jun2025 15:49:36.246] [Datafixer Bootstrap/INFO] [com.mojang.datafixers.DataFixerBuilder/]: 246 Datafixer optimizations took 464 milliseconds
[15Jun2025 15:49:36.432] [pool-7-thread-1/INFO] [MixinExtras|Service/]: Initializing MixinExtras via com.llamalad7.mixinextras.service.MixinExtrasServiceImpl(version=0.4.1).
[15Jun2025 15:49:41.346] [main/WARN] [net.minecraft.commands.Commands/]: Ambiguity between arguments [teleport, location] and [teleport, destination] with inputs: [0.1 -0.5 .9, 0 0 0]
[15Jun2025 15:49:41.349] [main/WARN] [net.minecraft.commands.Commands/]: Ambiguity between arguments [teleport, location] and [teleport, targets] with inputs: [0.1 -0.5 .9, 0 0 0]
[15Jun2025 15:49:41.353] [main/WARN] [net.minecraft.commands.Commands/]: Ambiguity between arguments [teleport, destination] and [teleport, targets] with inputs: [Player, 0123, @e, dd12be42-52a9-4a91-a8a1-11c01849e498]
[15Jun2025 15:49:41.354] [main/WARN] [net.minecraft.commands.Commands/]: Ambiguity between arguments [teleport, targets] and [teleport, destination] with inputs: [Player, 0123, dd12be42-52a9-4a91-a8a1-11c01849e498]
[15Jun2025 15:49:41.356] [main/WARN] [net.minecraft.commands.Commands/]: Ambiguity between arguments [teleport, targets, location] and [teleport, targets, destination] with inputs: [0.1 -0.5 .9, 0 0 0]
[15Jun2025 15:49:41.511] [Render thread/WARN] [net.minecraft.server.packs.VanillaPackResourcesBuilder/]: Assets URL 'union:/M:/MCC/build/moddev/artifacts/neoforge-21.4.123.jar%23215!/assets/.mcassetsroot' uses unexpected schema
[15Jun2025 15:49:41.511] [Render thread/WARN] [net.minecraft.server.packs.VanillaPackResourcesBuilder/]: Assets URL 'union:/M:/MCC/build/moddev/artifacts/neoforge-21.4.123.jar%23215!/data/.mcassetsroot' uses unexpected schema
[15Jun2025 15:49:41.542] [Render thread/INFO] [com.mojang.authlib.yggdrasil.YggdrasilAuthenticationService/]: Environment: Environment[sessionHost=https://sessionserver.mojang.com, servicesHost=https://api.minecraftservices.com, name=PROD]
[15Jun2025 15:49:41.555] [Render thread/INFO] [net.minecraft.client.Minecraft/]: Setting user: Dev
[15Jun2025 15:49:41.699] [Render thread/INFO] [net.minecraft.client.Minecraft/]: Backend library: LWJGL version 3.3.3+5
[15Jun2025 15:49:41.956] [modloading-worker-0/INFO] [net.neoforged.neoforge.common.NeoForgeMod/NEOFORGE-MOD]: NeoForge mod loading, version 21.4.123, for MC 1.21.4
[15Jun2025 15:49:42.881] [Render thread/INFO] [net.neoforged.neoforge.gametest.GameTestHooks/]: Enabled Gametest Namespaces: []
[15Jun2025 15:49:43.044] [Render thread/INFO] [net.minecraft.server.packs.resources.ReloadableResourceManager/]: Reloading ResourceManager: vanilla, mod_resources, mod/neoforge, mod/thebrokenend
[15Jun2025 15:49:43.151] [resourceLoad/INFO] [net.minecraft.client.gui.font.providers.UnihexProvider/]: Found unifont_all_no_pua-16.0.01.hex, loading
[15Jun2025 15:49:43.151] [resourceLoad/INFO] [net.minecraft.client.gui.font.providers.UnihexProvider/]: Found unifont_jp_patch-16.0.01.hex, loading
[15Jun2025 15:49:44.675] [Render thread/INFO] [com.mojang.blaze3d.audio.Library/]: OpenAL initialized on device OpenAL Soft on Speakers (2- SteelSeries Alias)
[15Jun2025 15:49:44.675] [Render thread/INFO] [net.minecraft.client.sounds.SoundEngine/SOUNDS]: Sound engine started
[15Jun2025 15:49:44.830] [Render thread/INFO] [net.minecraft.client.renderer.texture.TextureAtlas/]: Created: 1024x512x2 minecraft:textures/atlas/blocks.png-atlas
[15Jun2025 15:49:44.839] [Render thread/INFO] [net.minecraft.client.renderer.texture.TextureAtlas/]: Created: 256x256x2 minecraft:textures/atlas/signs.png-atlas
[15Jun2025 15:49:44.840] [Render thread/INFO] [net.minecraft.client.renderer.texture.TextureAtlas/]: Created: 512x512x2 minecraft:textures/atlas/shield_patterns.png-atlas
[15Jun2025 15:49:44.840] [Render thread/INFO] [net.minecraft.client.renderer.texture.TextureAtlas/]: Created: 512x512x2 minecraft:textures/atlas/banner_patterns.png-atlas
[15Jun2025 15:49:44.841] [Render thread/INFO] [net.minecraft.client.renderer.texture.TextureAtlas/]: Created: 2048x1024x2 minecraft:textures/atlas/armor_trims.png-atlas
[15Jun2025 15:49:44.843] [Render thread/INFO] [net.minecraft.client.renderer.texture.TextureAtlas/]: Created: 128x64x2 minecraft:textures/atlas/decorated_pot.png-atlas
[15Jun2025 15:49:44.844] [Render thread/INFO] [net.minecraft.client.renderer.texture.TextureAtlas/]: Created: 256x256x2 minecraft:textures/atlas/chest.png-atlas
[15Jun2025 15:49:44.844] [Render thread/INFO] [net.minecraft.client.renderer.texture.TextureAtlas/]: Created: 512x256x2 minecraft:textures/atlas/shulker_boxes.png-atlas
[15Jun2025 15:49:44.844] [Render thread/INFO] [net.minecraft.client.renderer.texture.TextureAtlas/]: Created: 512x256x2 minecraft:textures/atlas/beds.png-atlas
[15Jun2025 15:49:44.847] [Render thread/INFO] [net.minecraft.client.renderer.texture.TextureAtlas/]: Created: 64x64x0 minecraft:textures/atlas/map_decorations.png-atlas
[15Jun2025 15:49:45.004] [Render thread/INFO] [net.minecraft.client.renderer.texture.TextureAtlas/]: Created: 512x256x0 minecraft:textures/atlas/particles.png-atlas
[15Jun2025 15:49:45.005] [Render thread/INFO] [net.minecraft.client.renderer.texture.TextureAtlas/]: Created: 512x256x0 minecraft:textures/atlas/paintings.png-atlas
[15Jun2025 15:49:45.006] [Render thread/INFO] [net.minecraft.client.renderer.texture.TextureAtlas/]: Created: 256x128x0 minecraft:textures/atlas/mob_effects.png-atlas
[15Jun2025 15:49:45.006] [Render thread/INFO] [net.minecraft.client.renderer.texture.TextureAtlas/]: Created: 1024x512x0 minecraft:textures/atlas/gui.png-atlas
[15Jun2025 15:49:45.012] [Render thread/INFO] [net.neoforged.neoforge.client.entity.animation.json.AnimationLoader/]: Loaded 0 entity animations
[15Jun2025 15:49:53.300] [Render thread/INFO] [net.minecraft.world.item.crafting.RecipeManager/]: Loaded 1370 recipes
[15Jun2025 15:49:53.315] [Render thread/INFO] [net.minecraft.advancements.AdvancementTree/]: Loaded 1481 advancements
[15Jun2025 15:49:53.319] [Render thread/INFO] [net.neoforged.neoforge.common.crafting.RecipePriorityManager/]: Loaded 0 recipe priority overrides
[15Jun2025 15:49:53.491] [Server thread/INFO] [net.minecraft.client.server.IntegratedServer/]: Starting integrated minecraft server version 1.21.4
[15Jun2025 15:49:53.491] [Server thread/INFO] [net.minecraft.server.MinecraftServer/]: Generating keypair
[15Jun2025 15:49:53.780] [Server thread/INFO] [net.minecraft.server.MinecraftServer/]: Preparing start region for dimension minecraft:overworld
[15Jun2025 15:49:53.944] [progressListener/INFO] [net.minecraft.server.level.progress.LoggerChunkProgressListener/]: Preparing spawn area: 0%
[15Jun2025 15:49:54.017] [progressListener/INFO] [net.minecraft.server.level.progress.LoggerChunkProgressListener/]: Time elapsed: 232 ms
[15Jun2025 15:49:54.017] [Server thread/INFO] [net.neoforged.neoforge.server.permission.PermissionAPI/]: Successfully initialized permission handler neoforge:default_handler
[15Jun2025 15:49:54.103] [Server thread/INFO] [net.minecraft.client.server.IntegratedServer/]: Changing view distance to 5, from 10
[15Jun2025 15:49:54.103] [Server thread/INFO] [net.minecraft.client.server.IntegratedServer/]: Changing simulation distance to 12, from 0
[15Jun2025 15:49:54.801] [Server thread/INFO] [net.minecraft.server.players.PlayerList/]: Dev[local:E:cdb1f03f] logged in with entity id 1 at (-7.699999988079071, 56.0, 13.12172124147294)
[15Jun2025 15:49:54.857] [Server thread/INFO] [net.minecraft.server.MinecraftServer/]: Dev joined the game
[15Jun2025 15:49:55.004] [Render thread/INFO] [net.minecraft.advancements.AdvancementTree/]: Loaded 2 advancements
[15Jun2025 15:50:01.622] [Server thread/INFO] [net.minecraft.client.server.IntegratedServer/]: Saving and pausing game...
[15Jun2025 15:50:01.646] [Server thread/INFO] [net.minecraft.server.MinecraftServer/]: Saving chunks for level 'ServerLevel[New World]'/minecraft:overworld
[15Jun2025 15:50:01.660] [Server thread/INFO] [net.minecraft.server.MinecraftServer/]: Saving chunks for level 'ServerLevel[New World]'/minecraft:the_end
[15Jun2025 15:50:01.660] [Server thread/INFO] [net.minecraft.server.MinecraftServer/]: Saving chunks for level 'ServerLevel[New World]'/minecraft:the_nether
[15Jun2025 15:50:13.171] [Server thread/INFO] [net.minecraft.client.server.IntegratedServer/]: Saving and pausing game...
[15Jun2025 15:50:13.181] [Server thread/INFO] [net.minecraft.server.MinecraftServer/]: Saving chunks for level 'ServerLevel[New World]'/minecraft:overworld
[15Jun2025 15:50:13.183] [Server thread/INFO] [net.minecraft.server.MinecraftServer/]: Saving chunks for level 'ServerLevel[New World]'/minecraft:the_end
[15Jun2025 15:50:13.183] [Server thread/INFO] [net.minecraft.server.MinecraftServer/]: Saving chunks for level 'ServerLevel[New World]'/minecraft:the_nether
[15Jun2025 15:50:13.922] [Server thread/INFO] [net.minecraft.server.network.ServerGamePacketListenerImpl/]: Dev lost connection: Disconnected
[15Jun2025 15:50:13.922] [Server thread/INFO] [net.minecraft.server.MinecraftServer/]: Dev left the game
[15Jun2025 15:50:13.932] [Server thread/INFO] [net.minecraft.server.network.ServerCommonPacketListenerImpl/]: Stopping singleplayer server as player logged out
[15Jun2025 15:50:13.972] [Server thread/INFO] [net.minecraft.server.MinecraftServer/]: Stopping server
[15Jun2025 15:50:13.972] [Server thread/INFO] [net.minecraft.server.MinecraftServer/]: Saving players
[15Jun2025 15:50:13.973] [Server thread/INFO] [net.minecraft.server.MinecraftServer/]: Saving worlds
[15Jun2025 15:50:14.735] [Server thread/INFO] [net.minecraft.server.MinecraftServer/]: Saving chunks for level 'ServerLevel[New World]'/minecraft:overworld
[15Jun2025 15:50:14.846] [Server thread/INFO] [net.minecraft.server.MinecraftServer/]: Saving chunks for level 'ServerLevel[New World]'/minecraft:the_end
[15Jun2025 15:50:14.849] [Server thread/INFO] [net.minecraft.server.MinecraftServer/]: Saving chunks for level 'ServerLevel[New World]'/minecraft:the_nether
[15Jun2025 15:50:14.878] [Server thread/INFO] [net.minecraft.server.MinecraftServer/]: ThreadedAnvilChunkStorage (New World): All chunks are saved
[15Jun2025 15:50:14.878] [Server thread/INFO] [net.minecraft.server.MinecraftServer/]: ThreadedAnvilChunkStorage (DIM1): All chunks are saved
[15Jun2025 15:50:14.878] [Server thread/INFO] [net.minecraft.server.MinecraftServer/]: ThreadedAnvilChunkStorage (DIM-1): All chunks are saved
[15Jun2025 15:50:14.878] [Server thread/INFO] [net.minecraft.server.MinecraftServer/]: ThreadedAnvilChunkStorage: All dimensions are saved
[15Jun2025 15:50:16.893] [Render thread/INFO] [net.minecraft.world.item.crafting.RecipeManager/]: Loaded 1370 recipes
[15Jun2025 15:50:16.900] [Render thread/INFO] [net.minecraft.advancements.AdvancementTree/]: Loaded 1481 advancements
[15Jun2025 15:50:16.901] [Render thread/INFO] [net.neoforged.neoforge.common.crafting.RecipePriorityManager/]: Loaded 0 recipe priority overrides
[15Jun2025 15:50:28.849] [Server thread/INFO] [net.minecraft.client.server.IntegratedServer/]: Starting integrated minecraft server version 1.21.4
[15Jun2025 15:50:28.849] [Server thread/INFO] [net.minecraft.server.MinecraftServer/]: Generating keypair
[15Jun2025 15:50:31.470] [Server thread/INFO] [net.minecraft.server.MinecraftServer/]: Preparing start region for dimension minecraft:overworld
[15Jun2025 15:50:31.492] [progressListener/INFO] [net.minecraft.server.level.progress.LoggerChunkProgressListener/]: Preparing spawn area: 2%
[15Jun2025 15:50:31.991] [progressListener/INFO] [net.minecraft.server.level.progress.LoggerChunkProgressListener/]: Preparing spawn area: 2%
[15Jun2025 15:50:32.482] [progressListener/INFO] [net.minecraft.server.level.progress.LoggerChunkProgressListener/]: Preparing spawn area: 18%
[15Jun2025 15:50:32.985] [progressListener/INFO] [net.minecraft.server.level.progress.LoggerChunkProgressListener/]: Preparing spawn area: 51%
[15Jun2025 15:50:33.476] [progressListener/INFO] [net.minecraft.server.level.progress.LoggerChunkProgressListener/]: Preparing spawn area: 51%
[15Jun2025 15:50:33.605] [Server thread/INFO] [net.neoforged.neoforge.server.permission.PermissionAPI/]: Successfully initialized permission handler neoforge:default_handler
[15Jun2025 15:50:33.612] [Server thread/INFO] [net.minecraft.client.server.IntegratedServer/]: Changing view distance to 5, from 10
[15Jun2025 15:50:33.613] [Server thread/INFO] [net.minecraft.client.server.IntegratedServer/]: Changing simulation distance to 12, from 0
[15Jun2025 15:50:33.623] [progressListener/INFO] [net.minecraft.server.level.progress.LoggerChunkProgressListener/]: Time elapsed: 2149 ms
[15Jun2025 15:50:33.860] [Server thread/INFO] [net.minecraft.server.players.PlayerList/]: Dev[local:E:b5b92925] logged in with entity id 10 at (280.5, 65.0, 91.5)
[15Jun2025 15:50:33.874] [Server thread/INFO] [net.minecraft.server.MinecraftServer/]: Dev joined the game
[15Jun2025 15:50:33.910] [Render thread/INFO] [net.minecraft.advancements.AdvancementTree/]: Loaded 2 advancements
[15Jun2025 15:50:40.920] [Render thread/INFO] [net.minecraft.advancements.AdvancementTree/]: Loaded 12 advancements
[15Jun2025 15:50:46.365] [Render thread/WARN] [net.minecraft.client.sounds.SoundEngine/SOUNDS]: Unable to play empty soundEvent: minecraft:entity.tropical_fish.ambient
[15Jun2025 15:50:50.459] [Server thread/INFO] [net.minecraft.client.server.IntegratedServer/]: Saving and pausing game...
[15Jun2025 15:50:50.466] [Server thread/INFO] [net.minecraft.server.MinecraftServer/]: Saving chunks for level 'ServerLevel[]'/minecraft:overworld
[15Jun2025 15:50:50.480] [Server thread/INFO] [net.minecraft.server.MinecraftServer/]: Saving chunks for level 'ServerLevel[]'/minecraft:the_end
[15Jun2025 15:50:50.480] [Server thread/INFO] [net.minecraft.server.MinecraftServer/]: Saving chunks for level 'ServerLevel[]'/minecraft:the_nether
[15Jun2025 15:50:51.612] [Server thread/INFO] [net.minecraft.server.network.ServerGamePacketListenerImpl/]: Dev lost connection: Disconnected
[15Jun2025 15:50:51.613] [Server thread/INFO] [net.minecraft.server.MinecraftServer/]: Dev left the game
[15Jun2025 15:50:51.621] [Server thread/INFO] [net.minecraft.server.network.ServerCommonPacketListenerImpl/]: Stopping singleplayer server as player logged out
[15Jun2025 15:50:51.657] [Server thread/INFO] [net.minecraft.server.MinecraftServer/]: Stopping server
[15Jun2025 15:50:51.657] [Server thread/INFO] [net.minecraft.server.MinecraftServer/]: Saving players
[15Jun2025 15:50:51.657] [Server thread/INFO] [net.minecraft.server.MinecraftServer/]: Saving worlds
[15Jun2025 15:50:52.832] [Server thread/INFO] [net.minecraft.server.MinecraftServer/]: Saving chunks for level 'ServerLevel[]'/minecraft:overworld
[15Jun2025 15:50:52.967] [Server thread/INFO] [net.minecraft.server.MinecraftServer/]: Saving chunks for level 'ServerLevel[]'/minecraft:the_end
[15Jun2025 15:50:52.976] [Server thread/INFO] [net.minecraft.server.MinecraftServer/]: Saving chunks for level 'ServerLevel[]'/minecraft:the_nether
[15Jun2025 15:50:52.988] [Server thread/INFO] [net.minecraft.server.MinecraftServer/]: ThreadedAnvilChunkStorage (New World (1)): All chunks are saved
[15Jun2025 15:50:52.988] [Server thread/INFO] [net.minecraft.server.MinecraftServer/]: ThreadedAnvilChunkStorage (DIM1): All chunks are saved
[15Jun2025 15:50:52.988] [Server thread/INFO] [net.minecraft.server.MinecraftServer/]: ThreadedAnvilChunkStorage (DIM-1): All chunks are saved
[15Jun2025 15:50:52.988] [Server thread/INFO] [net.minecraft.server.MinecraftServer/]: ThreadedAnvilChunkStorage: All dimensions are saved
[15Jun2025 15:51:03.932] [Render thread/INFO] [net.minecraft.client.Minecraft/]: Stopping!
